# JRE version: OpenJDK Runtime Environment Temurin-21.0.12.1+1 (21.0.12.1+1) (build 21.0.12.1+1-LTS)
# Java VM: OpenJDK 64-Bit Server VM Temurin-21.0.12.1+1 (21.0.12.1+1-LTS, mixed mode, sharing, tiered, compressed oops, compressed class ptrs, parallel gc, windows-amd64)
GC Precious Log:
 CardTable entry size: 512
 CPUs: 12 total, 12 available
 Memory: 15713M
 Large Page Support: Disabled
 NUMA Support: Disabled
 Compressed Oops: Enabled (32-bit)
 Alignments: Space 512K, Generation 512K, Heap 2M
 Heap Min Capacity: 100M
 Heap Initial Capacity: 100M
 Heap Max Capacity: 2G
 Pre-touch: Disabled
 Parallel Workers: 10
Heap:
 PSYoungGen      total 13312K, used 8931K [0x00000000d5580000, 0x00000000d6600000, 0x0000000100000000)
  eden space 11264K, 72% used [0x00000000d5580000,0x00000000d5d7ce10,0x00000000d6080000)
  from space 2048K, 36% used [0x00000000d6200000,0x00000000d62bc010,0x00000000d6400000)
  to   space 1536K, 0% used [0x00000000d6480000,0x00000000d6480000,0x00000000d6600000)
 ParOldGen       total 74752K, used 74556K [0x0000000080000000, 0x0000000084900000, 0x00000000d5580000)
  object space 74752K, 99% used [0x0000000080000000,0x00000000848cf340,0x0000000084900000)
 Metaspace       used 74095K, committed 75648K, reserved 1179648K
  class space    used 9147K, committed 9856K, reserved 1048576K
GC Heap History (20 events):
Event: 19.761 GC heap before
{Heap before GC invocations=47 (full 3):
 PSYoungGen      total 12800K, used 11680K [0x00000000d5580000, 0x00000000d6880000, 0x0000000100000000)
  eden space 11264K, 100% used [0x00000000d5580000,0x00000000d6080000,0x00000000d6080000)
  from space 1536K, 27% used [0x00000000d6600000,0x00000000d6668000,0x00000000d6780000)
  to   space 1024K, 0% used [0x00000000d6780000,0x00000000d6780000,0x00000000d6880000)
 ParOldGen       total 68608K, used 66563K [0x0000000080000000, 0x0000000084300000, 0x00000000d5580000)
  object space 68608K, 97% used [0x0000000080000000,0x0000000084100e70,0x0000000084300000)
 Metaspace       used 66677K, committed 68224K, reserved 1114112K
  class space    used 8081K, committed 8768K, reserved 1048576K
}
Event: 19.762 GC heap after
{Heap after GC invocations=47 (full 3):
 PSYoungGen      total 11776K, used 512K [0x00000000d5580000, 0x00000000d6800000, 0x0000000100000000)
  eden space 11264K, 0% used [0x00000000d5580000,0x00000000d5580000,0x00000000d6080000)
  from space 512K, 100% used [0x00000000d6780000,0x00000000d6800000,0x00000000d6800000)
  to   space 1024K, 0% used [0x00000000d6600000,0x00000000d6600000,0x00000000d6700000)
 ParOldGen       total 68608K, used 66854K [0x0000000080000000, 0x0000000084300000, 0x00000000d5580000)
  object space 68608K, 97% used [0x0000000080000000,0x0000000084149830,0x0000000084300000)
 Metaspace       used 66677K, committed 68224K, reserved 1114112K
  class space    used 8081K, committed 8768K, reserved 1048576K
}
Event: 19.839 GC heap before
{Heap before GC invocations=48 (full 3):
 PSYoungGen      total 11776K, used 11776K [0x00000000d5580000, 0x00000000d6800000, 0x0000000100000000)
  eden space 11264K, 100% used [0x00000000d5580000,0x00000000d6080000,0x00000000d6080000)
  from space 512K, 100% used [0x00000000d6780000,0x00000000d6800000,0x00000000d6800000)
  to   space 1024K, 0% used [0x00000000d6600000,0x00000000d6600000,0x00000000d6700000)
 ParOldGen       total 68608K, used 66854K [0x0000000080000000, 0x0000000084300000, 0x00000000d5580000)
  object space 68608K, 97% used [0x0000000080000000,0x0000000084149830,0x0000000084300000)
 Metaspace       used 66679K, committed 68224K, reserved 1114112K
  class space    used 8081K, committed 8768K, reserved 1048576K
}
Event: 19.840 GC heap after
{Heap after GC invocations=48 (full 3):
 PSYoungGen      total 12288K, used 448K [0x00000000d5580000, 0x00000000d6800000, 0x0000000100000000)
  eden space 11264K, 0% used [0x00000000d5580000,0x00000000d5580000,0x00000000d6080000)
  from space 1024K, 43% used [0x00000000d6600000,0x00000000d6670000,0x00000000d6700000)
  to   space 512K, 0% used [0x00000000d6780000,0x00000000d6780000,0x00000000d6800000)
 ParOldGen       total 68608K, used 67190K [0x0000000080000000, 0x0000000084300000, 0x00000000d5580000)
  object space 68608K, 97% used [0x0000000080000000,0x000000008419d830,0x0000000084300000)
 Metaspace       used 66679K, committed 68224K, reserved 1114112K
  class space    used 8081K, committed 8768K, reserved 1048576K
}
Event: 20.023 GC heap before
{Heap before GC invocations=49 (full 3):
 PSYoungGen      total 12288K, used 11712K [0x00000000d5580000, 0x00000000d6800000, 0x0000000100000000)
  eden space 11264K, 100% used [0x00000000d5580000,0x00000000d6080000,0x00000000d6080000)
  from space 1024K, 43% used [0x00000000d6600000,0x00000000d6670000,0x00000000d6700000)
  to   space 512K, 0% used [0x00000000d6780000,0x00000000d6780000,0x00000000d6800000)
 ParOldGen       total 68608K, used 67190K [0x0000000080000000, 0x0000000084300000, 0x00000000d5580000)
  object space 68608K, 97% used [0x0000000080000000,0x000000008419d830,0x0000000084300000)
 Metaspace       used 66683K, committed 68224K, reserved 1114112K
  class space    used 8081K, committed 8768K, reserved 1048576K
}
Event: 20.025 GC heap after
{Heap after GC invocations=49 (full 3):
 PSYoungGen      total 11776K, used 497K [0x00000000d5580000, 0x00000000d6a80000, 0x0000000100000000)
  eden space 11264K, 0% used [0x00000000d5580000,0x00000000d5580000,0x00000000d6080000)
  from space 512K, 97% used [0x00000000d6780000,0x00000000d67fc650,0x00000000d6800000)
  to   space 5120K, 0% used [0x00000000d6080000,0x00000000d6080000,0x00000000d6580000)
 ParOldGen       total 71168K, used 70726K [0x0000000080000000, 0x0000000084580000, 0x00000000d5580000)
  object space 71168K, 99% used [0x0000000080000000,0x0000000084511af8,0x0000000084580000)
 Metaspace       used 66683K, committed 68224K, reserved 1114112K
  class space    used 8081K, committed 8768K, reserved 1048576K
}
Event: 20.171 GC heap before
{Heap before GC invocations=50 (full 3):
 PSYoungGen      total 11776K, used 11761K [0x00000000d5580000, 0x00000000d6a80000, 0x0000000100000000)
  eden space 11264K, 100% used [0x00000000d5580000,0x00000000d6080000,0x00000000d6080000)
  from space 512K, 97% used [0x00000000d6780000,0x00000000d67fc650,0x00000000d6800000)
  to   space 5120K, 0% used [0x00000000d6080000,0x00000000d6080000,0x00000000d6580000)
 ParOldGen       total 71168K, used 70726K [0x0000000080000000, 0x0000000084580000, 0x00000000d5580000)
  object space 71168K, 99% used [0x0000000080000000,0x0000000084511af8,0x0000000084580000)
 Metaspace       used 66976K, committed 68544K, reserved 1114112K
  class space    used 8155K, committed 8832K, reserved 1048576K
}
Event: 20.172 GC heap after
{Heap after GC invocations=50 (full 3):
 PSYoungGen      total 16384K, used 755K [0x00000000d5580000, 0x00000000d6800000, 0x0000000100000000)
  eden space 11264K, 0% used [0x00000000d5580000,0x00000000d5580000,0x00000000d6080000)
  from space 5120K, 14% used [0x00000000d6080000,0x00000000d613cf78,0x00000000d6580000)
  to   space 2048K, 0% used [0x00000000d6600000,0x00000000d6600000,0x00000000d6800000)
 ParOldGen       total 71680K, used 71244K [0x0000000080000000, 0x0000000084600000, 0x00000000d5580000)
  object space 71680K, 99% used [0x0000000080000000,0x0000000084593298,0x0000000084600000)
 Metaspace       used 66976K, committed 68544K, reserved 1114112K
  class space    used 8155K, committed 8832K, reserved 1048576K
}
Event: 20.482 GC heap before
{Heap before GC invocations=51 (full 3):
 PSYoungGen      total 16384K, used 12019K [0x00000000d5580000, 0x00000000d6800000, 0x0000000100000000)
  eden space 11264K, 100% used [0x00000000d5580000,0x00000000d6080000,0x00000000d6080000)
  from space 5120K, 14% used [0x00000000d6080000,0x00000000d613cf78,0x00000000d6580000)
  to   space 2048K, 0% used [0x00000000d6600000,0x00000000d6600000,0x00000000d6800000)
 ParOldGen       total 71680K, used 71244K [0x0000000080000000, 0x0000000084600000, 0x00000000d5580000)
  object space 71680K, 99% used [0x0000000080000000,0x0000000084593298,0x0000000084600000)
 Metaspace       used 68037K, committed 69568K, reserved 1114112K
  class space    used 8342K, committed 9024K, reserved 1048576K
}
Event: 20.483 GC heap after
{Heap after GC invocations=51 (full 3):
 PSYoungGen      total 12288K, used 656K [0x00000000d5580000, 0x00000000d6700000, 0x0000000100000000)
  eden space 11264K, 0% used [0x00000000d5580000,0x00000000d5580000,0x00000000d6080000)
  from space 1024K, 64% used [0x00000000d6600000,0x00000000d66a4010,0x00000000d6700000)
  to   space 1024K, 0% used [0x00000000d6500000,0x00000000d6500000,0x00000000d6600000)
 ParOldGen       total 72192K, used 71805K [0x0000000080000000, 0x0000000084680000, 0x00000000d5580000)
  object space 72192K, 99% used [0x0000000080000000,0x000000008461f710,0x0000000084680000)
 Metaspace       used 68037K, committed 69568K, reserved 1114112K
  class space    used 8342K, committed 9024K, reserved 1048576K
}
Event: 20.762 GC heap before
{Heap before GC invocations=52 (full 3):
 PSYoungGen      total 12288K, used 11920K [0x00000000d5580000, 0x00000000d6700000, 0x0000000100000000)
  eden space 11264K, 100% used [0x00000000d5580000,0x00000000d6080000,0x00000000d6080000)
  from space 1024K, 64% used [0x00000000d6600000,0x00000000d66a4010,0x00000000d6700000)
  to   space 1024K, 0% used [0x00000000d6500000,0x00000000d6500000,0x00000000d6600000)
 ParOldGen       total 72192K, used 71805K [0x0000000080000000, 0x0000000084680000, 0x00000000d5580000)
  object space 72192K, 99% used [0x0000000080000000,0x000000008461f710,0x0000000084680000)
 Metaspace       used 69343K, committed 70976K, reserved 1114112K
  class space    used 8546K, committed 9280K, reserved 1048576K
}
Event: 20.763 GC heap after
{Heap after GC invocations=52 (full 3):
 PSYoungGen      total 11776K, used 448K [0x00000000d5580000, 0x00000000d6680000, 0x0000000100000000)
  eden space 11264K, 0% used [0x00000000d5580000,0x00000000d5580000,0x00000000d6080000)
  from space 512K, 87% used [0x00000000d6500000,0x00000000d6570000,0x00000000d6580000)
  to   space 1024K, 0% used [0x00000000d6580000,0x00000000d6580000,0x00000000d6680000)
 ParOldGen       total 72704K, used 72301K [0x0000000080000000, 0x0000000084700000, 0x00000000d5580000)
  object space 72704K, 99% used [0x0000000080000000,0x000000008469b730,0x0000000084700000)
 Metaspace       used 69343K, committed 70976K, reserved 1114112K
  class space    used 8546K, committed 9280K, reserved 1048576K
}
Event: 21.020 GC heap before
{Heap before GC invocations=53 (full 3):
 PSYoungGen      total 11776K, used 11712K [0x00000000d5580000, 0x00000000d6680000, 0x0000000100000000)
  eden space 11264K, 100% used [0x00000000d5580000,0x00000000d6080000,0x00000000d6080000)
  from space 512K, 87% used [0x00000000d6500000,0x00000000d6570000,0x00000000d6580000)
  to   space 1024K, 0% used [0x00000000d6580000,0x00000000d6580000,0x00000000d6680000)
 ParOldGen       total 72704K, used 72301K [0x0000000080000000, 0x0000000084700000, 0x00000000d5580000)
  object space 72704K, 99% used [0x0000000080000000,0x000000008469b730,0x0000000084700000)
 Metaspace       used 70566K, committed 72128K, reserved 1114112K
  class space    used 8759K, committed 9472K, reserved 1048576K
}
Event: 21.021 GC heap after
{Heap after GC invocations=53 (full 3):
 PSYoungGen      total 11776K, used 464K [0x00000000d5580000, 0x00000000d6600000, 0x0000000100000000)
  eden space 11264K, 0% used [0x00000000d5580000,0x00000000d5580000,0x00000000d6080000)
  from space 512K, 90% used [0x00000000d6580000,0x00000000d65f4010,0x00000000d6600000)
  to   space 512K, 0% used [0x00000000d6500000,0x00000000d6500000,0x00000000d6580000)
 ParOldGen       total 72704K, used 72621K [0x0000000080000000, 0x0000000084700000, 0x00000000d5580000)
  object space 72704K, 99% used [0x0000000080000000,0x00000000846eb730,0x0000000084700000)
 Metaspace       used 70566K, committed 72128K, reserved 1114112K
  class space    used 8759K, committed 9472K, reserved 1048576K
}
Event: 24.977 GC heap before
{Heap before GC invocations=54 (full 3):
 PSYoungGen      total 11776K, used 11728K [0x00000000d5580000, 0x00000000d6600000, 0x0000000100000000)
  eden space 11264K, 100% used [0x00000000d5580000,0x00000000d6080000,0x00000000d6080000)
  from space 512K, 90% used [0x00000000d6580000,0x00000000d65f4010,0x00000000d6600000)
  to   space 512K, 0% used [0x00000000d6500000,0x00000000d6500000,0x00000000d6580000)
 ParOldGen       total 72704K, used 72621K [0x0000000080000000, 0x0000000084700000, 0x00000000d5580000)
  object space 72704K, 99% used [0x0000000080000000,0x00000000846eb730,0x0000000084700000)
 Metaspace       used 71756K, committed 73344K, reserved 1114112K
  class space    used 8916K, committed 9600K, reserved 1048576K
}
Event: 24.978 GC heap after
{Heap after GC invocations=54 (full 3):
 PSYoungGen      total 11776K, used 512K [0x00000000d5580000, 0x00000000d6600000, 0x0000000100000000)
  eden space 11264K, 0% used [0x00000000d5580000,0x00000000d5580000,0x00000000d6080000)
  from space 512K, 100% used [0x00000000d6500000,0x00000000d6580000,0x00000000d6580000)
  to   space 512K, 0% used [0x00000000d6580000,0x00000000d6580000,0x00000000d6600000)
 ParOldGen       total 73216K, used 73141K [0x0000000080000000, 0x0000000084780000, 0x00000000d5580000)
  object space 73216K, 99% used [0x0000000080000000,0x000000008476d7b8,0x0000000084780000)
 Metaspace       used 71756K, committed 73344K, reserved 1114112K
  class space    used 8916K, committed 9600K, reserved 1048576K
}
Event: 27.225 GC heap before
{Heap before GC invocations=55 (full 3):
 PSYoungGen      total 11776K, used 11775K [0x00000000d5580000, 0x00000000d6600000, 0x0000000100000000)
  eden space 11264K, 99% used [0x00000000d5580000,0x00000000d607ff18,0x00000000d6080000)
  from space 512K, 100% used [0x00000000d6500000,0x00000000d6580000,0x00000000d6580000)
  to   space 512K, 0% used [0x00000000d6580000,0x00000000d6580000,0x00000000d6600000)
 ParOldGen       total 73216K, used 73141K [0x0000000080000000, 0x0000000084780000, 0x00000000d5580000)
  object space 73216K, 99% used [0x0000000080000000,0x000000008476d7b8,0x0000000084780000)
 Metaspace       used 72193K, committed 73792K, reserved 1114112K
  class space    used 8953K, committed 9664K, reserved 1048576K
}
Event: 27.227 GC heap after
{Heap after GC invocations=55 (full 3):
 PSYoungGen      total 11776K, used 492K [0x00000000d5580000, 0x00000000d6600000, 0x0000000100000000)
  eden space 11264K, 0% used [0x00000000d5580000,0x00000000d5580000,0x00000000d6080000)
  from space 512K, 96% used [0x00000000d6580000,0x00000000d65fb2d8,0x00000000d6600000)
  to   space 2048K, 0% used [0x00000000d6200000,0x00000000d6200000,0x00000000d6400000)
 ParOldGen       total 74240K, used 74172K [0x0000000080000000, 0x0000000084880000, 0x00000000d5580000)
  object space 74240K, 99% used [0x0000000080000000,0x000000008486f340,0x0000000084880000)
 Metaspace       used 72193K, committed 73792K, reserved 1114112K
  class space    used 8953K, committed 9664K, reserved 1048576K
}
Event: 31.817 GC heap before
{Heap before GC invocations=56 (full 3):
 PSYoungGen      total 11776K, used 11730K [0x00000000d5580000, 0x00000000d6600000, 0x0000000100000000)
  eden space 11264K, 99% used [0x00000000d5580000,0x00000000d6079740,0x00000000d6080000)
  from space 512K, 96% used [0x00000000d6580000,0x00000000d65fb2d8,0x00000000d6600000)
  to   space 2048K, 0% used [0x00000000d6200000,0x00000000d6200000,0x00000000d6400000)
 ParOldGen       total 74240K, used 74172K [0x0000000080000000, 0x0000000084880000, 0x00000000d5580000)
  object space 74240K, 99% used [0x0000000080000000,0x000000008486f340,0x0000000084880000)
 Metaspace       used 72966K, committed 74560K, reserved 1114112K
  class space    used 9020K, committed 9728K, reserved 1048576K
}
Event: 31.819 GC heap after
{Heap after GC invocations=56 (full 3):
 PSYoungGen      total 13312K, used 752K [0x00000000d5580000, 0x00000000d6600000, 0x0000000100000000)
  eden space 11264K, 0% used [0x00000000d5580000,0x00000000d5580000,0x00000000d6080000)
  from space 2048K, 36% used [0x00000000d6200000,0x00000000d62bc010,0x00000000d6400000)
  to   space 1536K, 0% used [0x00000000d6480000,0x00000000d6480000,0x00000000d6600000)
 ParOldGen       total 74752K, used 74556K [0x0000000080000000, 0x0000000084900000, 0x00000000d5580000)
  object space 74752K, 99% used [0x0000000080000000,0x00000000848cf340,0x0000000084900000)
 Metaspace       used 72966K, committed 74560K, reserved 1114112K
  class space    used 9020K, committed 9728K, reserved 1048576K
}

