# JRE version: OpenJDK Runtime Environment Temurin-21.0.3+9 (21.0.3+9) (build 21.0.3+9-LTS)
# Java VM: OpenJDK 64-Bit Server VM Temurin-21.0.3+9 (21.0.3+9-LTS, mixed mode, sharing, tiered, compressed oops, compressed class ptrs, g1 gc, windows-amd64)
GC Precious Log:
 CardTable entry size: 512
 Card Set container configuration: InlinePtr #cards 5 size 8 Array Of Cards #cards 12 size 40 Howl #buckets 4 coarsen threshold 1843 Howl Bitmap #cards 512 size 80 coarsen threshold 460 Card regions per heap region 1 cards per card region 2048
 CPUs: 12 total, 12 available
 Memory: 15713M
 Large Page Support: Disabled
 NUMA Support: Disabled
 Compressed Oops: Enabled (32-bit)
 Heap Region Size: 1M
 Heap Min Capacity: 8M
 Heap Initial Capacity: 246M
 Heap Max Capacity: 1536M
 Pre-touch: Disabled
 Parallel Workers: 10
 Concurrent Workers: 3
 Concurrent Refinement Workers: 10
 Periodic GC: Disabled
Heap:
 garbage-first heap   total 144384K, used 75103K [0x00000000a0000000, 0x0000000100000000)
  region size 1024K, 10 young (10240K), 6 survivors (6144K)
 Metaspace       used 69665K, committed 71552K, reserved 1114112K
  class space    used 9479K, committed 10368K, reserved 1048576K
GC Heap History (20 events):
Event: 11.707 GC heap before
{Heap before GC invocations=17 (full 0):
 garbage-first heap   total 113664K, used 99192K [0x00000000a0000000, 0x0000000100000000)
  region size 1024K, 50 young (51200K), 6 survivors (6144K)
 Metaspace       used 47529K, committed 48896K, reserved 1114112K
  class space    used 6530K, committed 7168K, reserved 1048576K
}
Event: 11.713 GC heap after
{Heap after GC invocations=18 (full 0):
 garbage-first heap   total 113664K, used 57103K [0x00000000a0000000, 0x0000000100000000)
  region size 1024K, 6 young (6144K), 6 survivors (6144K)
 Metaspace       used 47529K, committed 48896K, reserved 1114112K
  class space    used 6530K, committed 7168K, reserved 1048576K
}
Event: 12.198 GC heap before
{Heap before GC invocations=18 (full 0):
 garbage-first heap   total 113664K, used 99087K [0x00000000a0000000, 0x0000000100000000)
  region size 1024K, 47 young (48128K), 6 survivors (6144K)
 Metaspace       used 51615K, committed 53184K, reserved 1114112K
  class space    used 7217K, committed 8000K, reserved 1048576K
}
Event: 12.204 GC heap after
{Heap after GC invocations=19 (full 0):
 garbage-first heap   total 113664K, used 59986K [0x00000000a0000000, 0x0000000100000000)
  region size 1024K, 6 young (6144K), 6 survivors (6144K)
 Metaspace       used 51615K, committed 53184K, reserved 1114112K
  class space    used 7217K, committed 8000K, reserved 1048576K
}
Event: 16.191 GC heap before
{Heap before GC invocations=20 (full 0):
 garbage-first heap   total 113664K, used 100946K [0x00000000a0000000, 0x0000000100000000)
  region size 1024K, 45 young (46080K), 6 survivors (6144K)
 Metaspace       used 55340K, committed 57152K, reserved 1114112K
  class space    used 7719K, committed 8576K, reserved 1048576K
}
Event: 16.196 GC heap after
{Heap after GC invocations=21 (full 0):
 garbage-first heap   total 144384K, used 62472K [0x00000000a0000000, 0x0000000100000000)
  region size 1024K, 6 young (6144K), 6 survivors (6144K)
 Metaspace       used 55340K, committed 57152K, reserved 1114112K
  class space    used 7719K, committed 8576K, reserved 1048576K
}
Event: 18.384 GC heap before
{Heap before GC invocations=21 (full 0):
 garbage-first heap   total 144384K, used 128008K [0x00000000a0000000, 0x0000000100000000)
  region size 1024K, 71 young (72704K), 6 survivors (6144K)
 Metaspace       used 64906K, committed 66752K, reserved 1114112K
  class space    used 9005K, committed 9920K, reserved 1048576K
}
Event: 18.392 GC heap after
{Heap after GC invocations=22 (full 0):
 garbage-first heap   total 144384K, used 67631K [0x00000000a0000000, 0x0000000100000000)
  region size 1024K, 9 young (9216K), 9 survivors (9216K)
 Metaspace       used 64906K, committed 66752K, reserved 1114112K
  class space    used 9005K, committed 9920K, reserved 1048576K
}
Event: 32.904 GC heap before
{Heap before GC invocations=22 (full 0):
 garbage-first heap   total 144384K, used 124975K [0x00000000a0000000, 0x0000000100000000)
  region size 1024K, 66 young (67584K), 9 survivors (9216K)
 Metaspace       used 68059K, committed 69888K, reserved 1114112K
  class space    used 9299K, committed 10176K, reserved 1048576K
}
Event: 32.911 GC heap after
{Heap after GC invocations=23 (full 0):
 garbage-first heap   total 144384K, used 69903K [0x00000000a0000000, 0x0000000100000000)
  region size 1024K, 3 young (3072K), 3 survivors (3072K)
 Metaspace       used 68059K, committed 69888K, reserved 1114112K
  class space    used 9299K, committed 10176K, reserved 1048576K
}
Event: 35.937 GC heap before
{Heap before GC invocations=23 (full 0):
 garbage-first heap   total 144384K, used 131343K [0x00000000a0000000, 0x0000000100000000)
  region size 1024K, 63 young (64512K), 3 survivors (3072K)
 Metaspace       used 68086K, committed 69952K, reserved 1114112K
  class space    used 9299K, committed 10176K, reserved 1048576K
}
Event: 35.939 GC heap after
{Heap after GC invocations=24 (full 0):
 garbage-first heap   total 144384K, used 69743K [0x00000000a0000000, 0x0000000100000000)
  region size 1024K, 3 young (3072K), 3 survivors (3072K)
 Metaspace       used 68086K, committed 69952K, reserved 1114112K
  class space    used 9299K, committed 10176K, reserved 1048576K
}
Event: 39.105 GC heap before
{Heap before GC invocations=25 (full 0):
 garbage-first heap   total 144384K, used 132207K [0x00000000a0000000, 0x0000000100000000)
  region size 1024K, 64 young (65536K), 3 survivors (3072K)
 Metaspace       used 68048K, committed 69952K, reserved 1114112K
  class space    used 9276K, committed 10176K, reserved 1048576K
}
Event: 39.108 GC heap after
{Heap after GC invocations=26 (full 0):
 garbage-first heap   total 144384K, used 69565K [0x00000000a0000000, 0x0000000100000000)
  region size 1024K, 3 young (3072K), 3 survivors (3072K)
 Metaspace       used 68048K, committed 69952K, reserved 1114112K
  class space    used 9276K, committed 10176K, reserved 1048576K
}
Event: 50.670 GC heap before
{Heap before GC invocations=26 (full 0):
 garbage-first heap   total 144384K, used 131005K [0x00000000a0000000, 0x0000000100000000)
  region size 1024K, 64 young (65536K), 3 survivors (3072K)
 Metaspace       used 68259K, committed 70144K, reserved 1114112K
  class space    used 9276K, committed 10176K, reserved 1048576K
}
Event: 50.674 GC heap after
{Heap after GC invocations=27 (full 0):
 garbage-first heap   total 144384K, used 69392K [0x00000000a0000000, 0x0000000100000000)
  region size 1024K, 4 young (4096K), 4 survivors (4096K)
 Metaspace       used 68259K, committed 70144K, reserved 1114112K
  class space    used 9276K, committed 10176K, reserved 1048576K
}
Event: 77.039 GC heap before
{Heap before GC invocations=27 (full 0):
 garbage-first heap   total 144384K, used 129808K [0x00000000a0000000, 0x0000000100000000)
  region size 1024K, 64 young (65536K), 4 survivors (4096K)
 Metaspace       used 68532K, committed 70400K, reserved 1114112K
  class space    used 9277K, committed 10176K, reserved 1048576K
}
Event: 77.042 GC heap after
{Heap after GC invocations=28 (full 0):
 garbage-first heap   total 144384K, used 69506K [0x00000000a0000000, 0x0000000100000000)
  region size 1024K, 4 young (4096K), 4 survivors (4096K)
 Metaspace       used 68532K, committed 70400K, reserved 1114112K
  class space    used 9277K, committed 10176K, reserved 1048576K
}
Event: 86.004 GC heap before
{Heap before GC invocations=29 (full 0):
 garbage-first heap   total 144384K, used 129922K [0x00000000a0000000, 0x0000000100000000)
  region size 1024K, 64 young (65536K), 4 survivors (4096K)
 Metaspace       used 69655K, committed 71552K, reserved 1114112K
  class space    used 9479K, committed 10368K, reserved 1048576K
}
Event: 86.010 GC heap after
{Heap after GC invocations=30 (full 0):
 garbage-first heap   total 144384K, used 72031K [0x00000000a0000000, 0x0000000100000000)
  region size 1024K, 6 young (6144K), 6 survivors (6144K)
 Metaspace       used 69655K, committed 71552K, reserved 1114112K
  class space    used 9479K, committed 10368K, reserved 1048576K
}

